make.exe all --print-data-base --no-builtin-variables --no-builtin-rules --question
# GNU Make 3.81
# Copyright (C) 2006  Free Software Foundation, Inc.
# This is free software; see the source for copying conditions.
# There is NO warranty; not even for MERCHANTABILITY or FITNESS FOR A
# PARTICULAR PURPOSE.

# This program built for i386-pc-mingw32
 

# Make data base, printed on Mon May 16 11:23:41 2022

# Variables

# environment
POWERSHELL_DISTRIBUTION_CHANNEL = MSI:Windows 10 Pro
# automatic
?F = $(notdir $?)
# automatic
<D = $(patsubst %/,%,$(dir $<))
# makefile
MAKEFLAGS = Rrqp
# environment
VSCODE_LOG_NATIVE = false
# automatic
?D = $(patsubst %/,%,$(dir $?))
# automatic
@D = $(patsubst %/,%,$(dir $@))
# environment
HOMEDRIVE = C:
# automatic
@F = $(notdir $@)
# automatic
^D = $(patsubst %/,%,$(dir $^))
# makefile
CURDIR := d:/Programmazione/C++/Game/Vulkan/Vulkan-Engine02
# default
SHELL := D:/Programmi/Git/bin/sh.exe
# environment
WINDIR = C:\WINDOWS
# environment
VSCODE_NLS_CONFIG = {"locale":"it","availableLanguages":{"*":"it"},"_languagePackId":"edd95fe2637dfb670c0c498374f66f34.it","_translationsConfigFile":"C:\\Users\\gianl\\AppData\\Roaming\\Code\\clp\\edd95fe2637dfb670c0c498374f66f34.it\\tcf.json","_cacheRoot":"C:\\Users\\gianl\\AppData\\Roaming\\Code\\clp\\edd95fe2637dfb670c0c498374f66f34.it","_resolvedLanguagePackCoreLocation":"C:\\Users\\gianl\\AppData\\Roaming\\Code\\clp\\edd95fe2637dfb670c0c498374f66f34.it\\da15b6fd3ef856477bf6f4fb29ba1b7af717770d","_corruptedFile":"C:\\Users\\gianl\\AppData\\Roaming\\Code\\clp\\edd95fe2637dfb670c0c498374f66f34.it\\corrupted.info","_languagePackSupport":true}
# makefile (from `makefile', line 20)
CFLAGS = -std=c++17
# environment
ONEDRIVE = C:\Users\gianl\OneDrive
# environment
PATHEXT = .COM;.EXE;.BAT;.CMD;.VBS;.VBE;.JS;.JSE;.WSF;.WSH;.MSC;.PY;.PYW
# makefile (from `makefile', line 1)
MAKEFILE_LIST :=  makefile
# makefile (from `makefile', line 7)
LIB_VULKAN = -lvulkan-1 -lglfw3
# environment
FPS_BROWSER_USER_PROFILE_STRING = Default
# environment
TMP = C:\Users\gianl\AppData\Local\Temp
# environment
VSCODE_VERBOSE_LOGGING = true
# environment
PROGRAMW6432 = C:\Program Files
# environment
PROGRAMDATA = C:\ProgramData
# environment
VSCODE_IPC_HOOK_EXTHOST = \\.\pipe\vscode-ipc-11f8ad11-e329-400e-b514-10415eccd72d-sock
# environment
VSCODE_CWD = D:\Programmazione\C++\Game\Vulkan\Vulkan-Engine02
# environment
PATH = D:\Programmi\Vulkan\Bin;D:\Programmi\Python310\Scripts\;D:\Programmi\Python310\;C:\WINDOWS\system32;C:\WINDOWS;C:\WINDOWS\System32\Wbem;C:\WINDOWS\System32\WindowsPowerShell\v1.0\;C:\WINDOWS\System32\OpenSSH\;C:\Program Files\dotnet\;C:\Program Files (x86)\dotnet\;D:\Programmi\CMake\bin;C:\Program Files\PowerShell\7\;C:\Users\gianl\AppData\Local\Microsoft\WindowsApps;D:\Programmi\msys64\mingw64\bin;D:\Programmi\Git\bin;C:\Users\gianl\.dotnet\tools;D:\Programmi\Nmap;D:\Programmi\Dxc\bin;D:\Programmi\Microsoft VS Code\bin;C:\Program Files (x86)\GnuWin32\bin;;C:\Users\gianl\AppData\Local\Programs\oh-my-posh\bin
# environment
COMMONPROGRAMW6432 = C:\Program Files\Common Files
# environment
ZES_ENABLE_SYSMAN = 1
# environment
PROCESSOR_ARCHITECTURE = x86
# environment
USERPROFILE = C:\Users\gianl
# environment
ALLUSERSPROFILE = C:\ProgramData
# environment
VSCODE_LOG_STACK = false
# environment
NUMBER_OF_PROCESSORS = 12
# environment
ELECTRON_RUN_AS_NODE = 1
# default
.FEATURES := target-specific order-only second-expansion else-if archives
# environment
VK_SDK_PATH = D:\Programmi\Vulkan
# automatic
%F = $(notdir $%)
# environment
POSH_THEMES_PATH = C:\Users\gianl\AppData\Local\Programs\oh-my-posh\themes
# environment
CHROME_CRASHPAD_PIPE_NAME = \\.\pipe\crashpad_5424_CZIFYMCZKMSNHBKM
# makefile (from `makefile', line 4)
FILES_GAME = *.cpp
# environment
VSCODE_PIPE_LOGGING = true
# makefile (from `makefile', line 19)
ARG_G++ = -static
# environment
COMPUTERNAME = GIANLUIGI
# environment
PROGRAMFILES = C:\Pr 
ogram Files (x86)
# environment
DRIVERDATA = C:\Windows\System32\Drivers\DriverData
# environment
ORIGINAL_XDG_CURRENT_DESKTOP = undefined
# environment
USERNAME = gianl
# environment
PUBLIC = C:\Users\Public
# environment
VSCODE_AMD_ENTRYPOINT = vs/workbench/api/node/extensionHostProcess
# environment
VSCODE_CODE_CACHE_PATH = C:\Users\gianl\AppData\Roaming\Code\CachedData\da15b6fd3ef856477bf6f4fb29ba1b7af717770d
# environment
APPLICATION_INSIGHTS_NO_DIAGNOSTIC_CHANNEL = 1
# environment
COMMONPROGRAMFILES = C:\Program Files (x86)\Common Files
# environment
LOGONSERVER = \\GIANLUIGI
# makefile (from `makefile', line 8)
LIB_WINDOWS = -mwindows
# environment
ONEDRIVECONSUMER = C:\Users\gianl\OneDrive
# environment
VSCODE_HANDLES_UNCAUGHT_ERRORS = true
# environment
USERDOMAIN = GIANLUIGI
# default
MAKE = $(MAKE_COMMAND)
# default
MAKECMDGOALS := all
# default
MAKE_VERSION := 3.81
# makefile
.DEFAULT_GOAL := a.out
# makefile (from `makefile', line 12)
FILES_ENGINE = *.cpp
# environment
PROGRAMFILES(X86) = C:\Program Files (x86)
# automatic
%D = $(patsubst %/,%,$(dir $%))
# makefile (from `makefile', line 3)
PATH_GAME = src/
# environment
LOCALAPPDATA = C:\Users\gianl\AppData\Local
# environment
PSMODULEPATH = C:\Program Files\WindowsPowerShell\Modules;C:\WINDOWS\system32\WindowsPowerShell\v1.0\Modules
# default
MAKE_COMMAND := make.exe
# environment
PROCESSOR_ARCHITEW6432 = AMD64
# default
.VARIABLES := 
# automatic
*F = $(notdir $*)
# environment
PROCESSOR_IDENTIFIER = Intel64 Family 6 Model 167 Stepping 1, GenuineIntel
# environment
OS = Windows_NT
# environment
VSCODE_IPC_HOOK = \\.\pipe\c9a15f0d95cb2749c2dc91d0aa80dffe-1.67.1-main-sock
# environment
HOMEPATH = \Users\gianl
# environment
COMMONPROGRAMFILES(X86) = C:\Program Files (x86)\Common Files
# environment
PROMPT = $P$G
# environment
MFLAGS = -Rrqp
# automatic
*D = $(patsubst %/,%,$(dir $*))
# environment
SYSTEMROOT = C:\WINDOWS
# automatic
+D = $(patsubst %/,%,$(dir $+))
# automatic
+F = $(notdir $+)
# environment
APPDATA = C:\Users\gianl\AppData\Roaming
#  
environment
TEMP = C:\Users\gianl\AppData\Local\Temp
# environment
COMSPEC = C:\WINDOWS\system32\cmd.exe
# default
MAKEFILES := 
# automatic
<F = $(notdir $<)
# environment
LC_ALL = C
# automatic
^F = $(notdir $^)
# makefile (from `makefile', line 11)
PATH_ENGINE = src/Engine/
# default
SUFFIXES := 
# environment
SYSTEMDRIVE = C:
# environment
SESSIONNAME = Console
# environment
PROCESSOR_REVISION = a701
# makefile (from `makefile', line 15)
NAME_APP_EXE = a.out 
# environment
MAKELEVEL := 0
# environment
VULKAN_SDK = D:\Programmi\Vulkan
# environment
LANG = C
# environment
PROCESSOR_LEVEL = 6
# environment
FPS_BROWSER_APP_PROFILE_STRING = Internet Explorer
# environment
VSCODE_PID = 5424
# environment
USERDOMAIN_ROAMINGPROFILE = GIANLUIGI
# variable set hash-table stats:
# Load=103/1024=10%, Rehash=0, Collisions=10/126=8%

# Pattern-specific Variable Values

# No pattern-specific variable values.

# Directories

# D:\Programmi\CMake\bin (key D:/Programmi/CMake/bin, mtime 1650788962): 7 files, no impossibilit 
ies.
# C:\WINDOWS\System32\WindowsPowerShell\v1.0\ (key C:/WINDOWS/System32/WindowsPowerShell/v1.0/, mtime 1645965263): 32 files, no impossibilities.
# C:\WINDOWS\System32\Wbem (key C:/WINDOWS/System32/Wbem, mtime 1652558390): 172 files, no impossibilities.
# . (key d:/Programmazione/C++/Game/Vulkan/Vulkan-Engine02, mtime 1652692986): 9 files, no impossibilities.
# C:\Users\gianl\AppData\Local\Microsoft\WindowsApps (key C:/Users/gianl/AppData/Local/Microsoft/WindowsApps, mtime 1652618176): 34 files, no impo 
ssibilities.
# C:\Program Files\dotnet\ (key C:/Program Files/dotnet/, mtime 1652555471): 13 files, no impossibilities.
# src/Engine (key d:/Programmazione/C++/Game/Vulkan/Vulkan-Engine02/src/Engine, mtime 1652690833): 6 files, no impossibilities.
# D:\Programmi\Python310\ (key D:/Programmi/Python310/, mtime 1645995280): 18 files, no impossibilities.
# C:\Program Files\PowerShell\7\ (key C:/Program Files/PowerShell/7/, mtime 1652556743): 478 files, no impossibilities.
# C:\WINDOWS\System32\OpenSSH\: could not be stat'd.
# D:\Programmi\Python310\Scripts\ (key D:/Programmi/Python310/Scripts/, mtime 1645995280): 5 files, no impossibilities.
# D:\Programmi\Git\bin (key D:/Programmi/Git/bin, mtime 1645980079): 5 files, no impossibilities so far.
# C:\WINDOWS (key C:/WINDOWS, mtime 1652558471): 115 files, no impossibilities.
# D:\Programmi\Vulkan\Bin (key D:/Programmi/Vulkan/Bin, mtime 1651963358): 47 files, no impossibilities.
# src (key d:/Programmazione/C++/Game/Vulkan/Vulkan-Engine02/src, mtime 1652690487): 4 f 
iles, no impossibilities.
# C:\Program Files (x86)\dotnet\ (key C:/Program Files (x86)/dotnet/, mtime 1652555521): 8 files, no impossibilities.
# C:\WINDOWS\system32 (key C:/WINDOWS/system32, mtime 1652558885): 3054 files, no impossibilities.
# D:\Programmi\msys64\mingw64\bin (key D:/Programmi/msys64/mingw64/bin, mtime 1647292833): 208 files, no impossibilities.

# 4215 files, no impossibilities in 18 directories.

# Implicit Rules

# No implicit rules.

# Files

# Not a target:
src/Engine/vkApplication.cpp 
:
#  Implicit rule search has not been done.
#  Modification time never checked.
#  File has not been updated.

# Not a target:
all:
#  Command-line target.
#  Implicit rule search has been done.
#  File does not exist.
#  File has not been updated.
# variable set hash-table stats:
# Load=0/32=0%, Rehash=0, Collisions=0/0=0%

.PHONY: test clean
#  Implicit rule search has not been done.
#  Modification time never checked.
#  File has not been updated.

# Not a target:
.DEFAULT:
#  Implicit rule search has n 
ot been done.
#  Modification time never checked.
#  File has not been updated.

test: a.out
#  Phony target (prerequisite of .PHONY).
#  Implicit rule search has not been done.
#  File does not exist.
#  File has not been updated.
#  commands to execute (from `makefile', line 29):
	./a.out
	

# Not a target:
makefile:
#  Implicit rule search has been done.
#  Last modified 2022-05-16 11:23:39
#  File has been updated.
#  Successfully updated.
# variable set hash-table stats:
# Load=0/32=0%, Rehash=0, Collisions=0/0=0%

a.out: src/main.cpp src/Engine/vkApplication.cpp src/Engine/vkWindow.cpp
#  Implicit rule search has not been done.
#  Modification time never checked.
#  File has not been updated.
#  commands to execute (from `makefile', line 24):
	g++ $(ARG_G++) $(PATH_GAME)$(FILES_GAME) $(PATH_ENGINE)$(FILES_ENGINE) -o $(NAME_APP_EXE) $(LIB_VULKAN) $(LIB_WINDOWS)
	

# Not a target:
.SUFFIXES:
#  Implicit rule search has not been done.
#  Modification time never checked.
#  File has not been updated.

# Not 
make.exe: *** No rule to make target `all'.  Stop.

 a target:
src/Engine/vkWindow.cpp:
#  Implicit rule search has not been done.
#  Modification time never checked.
#  File has not been updated.

clean:
#  Phony target (prerequisite of .PHONY).
#  Implicit rule search has not been done.
#  File does not exist.
#  File has not been updated.
#  commands to execute (from `makefile', line 32):
	rm -f a.out
	

# Not a target:
src/main.cpp:
#  Implicit rule search has not been done.
#  Modification time never checked.
#  File has not been updated.

# files hash-table stats:
# Load=11/1024=1%, Rehash=0, Collisions=0/28=0%
# VPATH Search Paths

# No `vpath' search paths.

# No general (`VPATH' variable) search path.

# # of strings in strcache: 1
# # of strcache buffers: 1
# strcache size: total = 4096 / max = 4096 / min = 4096 / avg = 4096
# strcache free: total = 4087 / max = 4087 / min = 4087 / avg = 4087

# Finished Make data base on Mon May 16 11:23:41 2022

 
